0 info it worked if it ends with ok
1 verbose cli [ 'C:\\Users\\node\\\\node.exe',
1 verbose cli   'C:\\Users\\node\\node_modules\\npm\\bin\\npm-cli.js',
1 verbose cli   'install',
1 verbose cli   'express' ]
2 info using npm@1.2.3
3 info using node@v0.8.18
4 verbose node symlink C:\Users\node\\node.exe
5 verbose read json C:\Users\asus\Documents\work\file-explorer\package.json
6 warn package.json file-explorer@0.0.1 No README.md file found!
7 verbose from cache C:\Users\asus\Documents\work\file-explorer\package.json
8 verbose readDependencies using package.json deps
9 verbose cache add [ 'express', null ]
10 verbose cache add name=undefined spec="express" args=["express",null]
11 verbose parsed url { pathname: 'express', path: 'express', href: 'express' }
12 silly lockFile f3c62de4-express express
13 verbose lock express C:\Users\asus\AppData\Roaming\npm-cache\f3c62de4-express.lock
14 silly lockFile f3c62de4-express express
15 verbose addNamed [ 'express', '' ]
16 verbose addNamed [ null, '' ]
17 silly lockFile 64a534c1-express express@
18 verbose lock express@ C:\Users\asus\AppData\Roaming\npm-cache\64a534c1-express.lock
19 silly addNameRange { name: 'express', range: '', hasData: false }
20 verbose url raw express
21 verbose url resolving [ 'https://registry.npmjs.org/', './express' ]
22 verbose url resolved https://registry.npmjs.org/express
23 info trying registry request attempt 1 at 20:20:38
24 http GET https://registry.npmjs.org/express
25 info retry will retry, error on last attempt: Error: getaddrinfo ENOTFOUND
26 info trying registry request attempt 2 at 20:20:49
27 http GET https://registry.npmjs.org/express
28 info retry will retry, error on last attempt: Error: getaddrinfo ENOTFOUND
29 info trying registry request attempt 3 at 20:21:49
30 http GET https://registry.npmjs.org/express
31 silly lockFile 64a534c1-express express@
32 error Error: getaddrinfo ENOTFOUND
32 error     at errnoException (dns.js:37:11)
32 error     at Object.onanswer [as oncomplete] (dns.js:124:16)
33 error If you need help, you may report this log at:
33 error     <http://github.com/isaacs/npm/issues>
33 error or email it to:
33 error     <npm-@googlegroups.com>
34 error System Windows_NT 6.1.7601
35 error command "C:\\Users\\node\\\\node.exe" "C:\\Users\\node\\node_modules\\npm\\bin\\npm-cli.js" "install" "express"
36 error cwd C:\Users\asus\Documents\work\file-explorer
37 error node -v v0.8.18
38 error npm -v 1.2.3
39 error syscall getaddrinfo
40 error code ENOTFOUND
41 error errno ENOTFOUND
42 verbose exit [ 1, true ]
